e:\dx_svn\gameengine\binobj\vc141.pdb
e:\dx_svn\gameengine\binobj\vc141.idb
e:\dx_svn\gameengine\binobj\staticmeshcomponent.obj
e:\dx_svn\gameengine\binobj\scenecomponent.obj
e:\dx_svn\gameengine\binobj\projectilemovementcomponent.obj
e:\dx_svn\gameengine\binobj\objectcomponent.obj
e:\dx_svn\gameengine\binobj\movementcomponent.obj
e:\dx_svn\gameengine\binobj\component.obj
e:\dx_svn\gameengine\binobj\collision.obj
e:\dx_svn\gameengine\binobj\collidersphere2d.obj
e:\dx_svn\gameengine\binobj\colliderrect.obj
e:\dx_svn\gameengine\binobj\colliderpoint.obj
e:\dx_svn\gameengine\binobj\colliderpixel.obj
e:\dx_svn\gameengine\binobj\colliderobb2d.obj
e:\dx_svn\gameengine\binobj\colliderbase.obj
e:\dx_svn\gameengine\binobj\charactermovementcomponent.obj
e:\dx_svn\gameengine\binobj\cameracomponent.obj
e:\dx_svn\gameengine\binobj\audio.obj
e:\dx_svn\gameengine\binobj\animationmeshcomponent.obj
e:\dx_svn\gameengine\binobj\animation2d.obj
e:\dx_svn\gameengine\binobj\collisionmanager.obj
e:\dx_svn\gameengine\binobj\cameramanager.obj
e:\dx_svn\gameengine\binobj\animationmesh.obj
e:\dx_svn\gameengine\binobj\animation2dsequence.obj
e:\dx_svn\gameengine\binobj\rendermanager.obj
e:\dx_svn\gameengine\binobj\customrendertarget.obj
e:\dx_svn\gameengine\binobj\ref.obj
e:\dx_svn\gameengine\binobj\pathmanager.obj
e:\dx_svn\gameengine\binobj\gameobject.obj
e:\dx_svn\gameengine\binobj\matrix.obj
e:\dx_svn\gameengine\binobj\input.obj
e:\dx_svn\gameengine\binobj\fontmanager.obj
e:\dx_svn\gameengine\binobj\engine.obj
e:\dx_svn\gameengine\binobj\device.obj
e:\dx_svn\gameengine\binobj\uiimage.obj
e:\dx_svn\gameengine\binobj\uibutton.obj
e:\dx_svn\gameengine\binobj\uibar.obj
e:\dx_svn\gameengine\binobj\ui.obj
e:\dx_svn\gameengine\binobj\transform.obj
e:\dx_svn\gameengine\binobj\tilemap.obj
e:\dx_svn\gameengine\binobj\tile.obj
e:\dx_svn\gameengine\binobj\text.obj
e:\dx_svn\gameengine\binobj\section.obj
e:\dx_svn\gameengine\binobj\scheduler.obj
e:\dx_svn\gameengine\binobj\scenemanager.obj
e:\dx_svn\gameengine\binobj\scene.obj
e:\dx_svn\gameengine\binobj\navigation3d.obj
e:\dx_svn\gameengine\binobj\navigation2d.obj
e:\dx_svn\gameengine\binobj\navigation.obj
e:\dx_svn\gameengine\binobj\gamemode.obj
e:\dx_svn\gameengine\binobj\texture.obj
e:\dx_svn\gameengine\binobj\staticmesh.obj
e:\dx_svn\gameengine\binobj\sound.obj
e:\dx_svn\gameengine\binobj\shadermanager.obj
e:\dx_svn\gameengine\binobj\shader.obj
e:\dx_svn\gameengine\binobj\resourcemanager.obj
e:\dx_svn\gameengine\binobj\renderstate.obj
e:\dx_svn\gameengine\binobj\rasterizerstate.obj
e:\dx_svn\gameengine\binobj\mesh.obj
e:\dx_svn\gameengine\binobj\material.obj
e:\dx_svn\gameengine\binobj\depthstencilstate.obj
e:\dx_svn\gameengine\binobj\blendstate.obj
e:\dx_svn\gameengine\binobj\vector4.obj
e:\dx_svn\gameengine\binobj\vector3.obj
e:\dx_svn\gameengine\binobj\vector2.obj
e:\dx_svn\gameengine\binobj\timermanager.obj
e:\dx_svn\gameengine\binobj\timer.obj
e:\dx_svn\gameengine\binobj\sectionmanager.obj
e:\shadererror\gameengine\binobj\vc141.pdb
e:\shadererror\gameengine\binobj\vc141.idb
e:\shadererror\gameengine\binobj\staticmeshcomponent.obj
e:\shadererror\gameengine\binobj\scenecomponent.obj
e:\shadererror\gameengine\binobj\projectilemovementcomponent.obj
e:\shadererror\gameengine\binobj\objectcomponent.obj
e:\shadererror\gameengine\binobj\movementcomponent.obj
e:\shadererror\gameengine\binobj\component.obj
e:\shadererror\gameengine\binobj\collision.obj
e:\shadererror\gameengine\binobj\collidersphere2d.obj
e:\shadererror\gameengine\binobj\colliderrect.obj
e:\shadererror\gameengine\binobj\colliderpoint.obj
e:\shadererror\gameengine\binobj\colliderpixel.obj
e:\shadererror\gameengine\binobj\colliderobb2d.obj
e:\shadererror\gameengine\binobj\colliderbase.obj
e:\shadererror\gameengine\binobj\charactermovementcomponent.obj
e:\shadererror\gameengine\binobj\cameracomponent.obj
e:\shadererror\gameengine\binobj\audio.obj
e:\shadererror\gameengine\binobj\animationmeshcomponent.obj
e:\shadererror\gameengine\binobj\animation2d.obj
e:\shadererror\gameengine\binobj\collisionmanager.obj
e:\shadererror\gameengine\binobj\cameramanager.obj
e:\shadererror\gameengine\binobj\animationmesh.obj
e:\shadererror\gameengine\binobj\animation2dsequence.obj
e:\shadererror\gameengine\binobj\rendermanager.obj
e:\shadererror\gameengine\binobj\customrendertarget.obj
e:\shadererror\gameengine\binobj\ref.obj
e:\shadererror\gameengine\binobj\pathmanager.obj
e:\shadererror\gameengine\binobj\gameobject.obj
e:\shadererror\gameengine\binobj\matrix.obj
e:\shadererror\gameengine\binobj\input.obj
e:\shadererror\gameengine\binobj\fontmanager.obj
e:\shadererror\gameengine\binobj\engine.obj
e:\shadererror\gameengine\binobj\device.obj
e:\shadererror\gameengine\binobj\uiimage.obj
e:\shadererror\gameengine\binobj\uibutton.obj
e:\shadererror\gameengine\binobj\uibar.obj
e:\shadererror\gameengine\binobj\ui.obj
e:\shadererror\gameengine\binobj\transform.obj
e:\shadererror\gameengine\binobj\tilemap.obj
e:\shadererror\gameengine\binobj\tile.obj
e:\shadererror\gameengine\binobj\text.obj
e:\shadererror\gameengine\binobj\section.obj
e:\shadererror\gameengine\binobj\scheduler.obj
e:\shadererror\gameengine\binobj\scenemanager.obj
e:\shadererror\gameengine\binobj\scene.obj
e:\shadererror\gameengine\binobj\navigation3d.obj
e:\shadererror\gameengine\binobj\navigation2d.obj
e:\shadererror\gameengine\binobj\navigation.obj
e:\shadererror\gameengine\binobj\gamemode.obj
e:\shadererror\gameengine\binobj\texture.obj
e:\shadererror\gameengine\binobj\staticmesh.obj
e:\shadererror\gameengine\binobj\sound.obj
e:\shadererror\gameengine\binobj\shadermanager.obj
e:\shadererror\gameengine\binobj\shader.obj
e:\shadererror\gameengine\binobj\resourcemanager.obj
e:\shadererror\gameengine\binobj\renderstate.obj
e:\shadererror\gameengine\binobj\rasterizerstate.obj
e:\shadererror\gameengine\binobj\mesh.obj
e:\shadererror\gameengine\binobj\material.obj
e:\shadererror\gameengine\binobj\depthstencilstate.obj
e:\shadererror\gameengine\binobj\blendstate.obj
e:\shadererror\gameengine\binobj\vector4.obj
e:\shadererror\gameengine\binobj\vector3.obj
e:\shadererror\gameengine\binobj\vector2.obj
e:\shadererror\gameengine\binobj\timermanager.obj
e:\shadererror\gameengine\binobj\timer.obj
e:\shadererror\gameengine\binobj\sectionmanager.obj
e:\dx_svn\gameengine\bin\collider.cso
e:\dx_svn\gameengine\bin\standard.cso
e:\dx_svn\gameengine\bin\tilemap.cso
e:\dx_svn\gameengine\bin\ui.cso
e:\shadererror\gameengine\bin\collider.cso
e:\shadererror\gameengine\bin\standard.cso
e:\shadererror\gameengine\bin\tilemap.cso
e:\shadererror\gameengine\bin\ui.cso
e:\dx_svn\gameengine\bin\gameengine_debug.lib
e:\dx_svn\gameengine\bin\gameengine_debug.exp
e:\shadererror\gameengine\bin\gameengine_debug.lib
e:\shadererror\gameengine\bin\gameengine_debug.exp
e:\dx_svn\gameengine\bin\gameengine_debug.ilk
e:\dx_svn\gameengine\bin\gameengine_debug.dll
e:\dx_svn\gameengine\bin\gameengine_debug.pdb
e:\shadererror\gameengine\bin\gameengine_debug.dll
e:\shadererror\gameengine\bin\gameengine_debug.ilk
e:\shadererror\gameengine\bin\gameengine_debug.pdb
e:\shadererror\gameengine\binobj\../bin/gameengine_debug.pdb
e:\shadererror\gameengine\include\../bin/gameengine_debug.dll
e:\shadererror\gameengine\binobj\../bin/gameengine_debug.ilk
e:\shadererror\gameengine\binobj\gameengine.tlog\cl.command.1.tlog
e:\shadererror\gameengine\binobj\gameengine.tlog\cl.read.1.tlog
e:\shadererror\gameengine\binobj\gameengine.tlog\cl.write.1.tlog
e:\shadererror\gameengine\binobj\gameengine.tlog\fxc.command.1.tlog
e:\shadererror\gameengine\binobj\gameengine.tlog\fxc.read.1.tlog
e:\shadererror\gameengine\binobj\gameengine.tlog\fxc.write.1.tlog
e:\shadererror\gameengine\binobj\gameengine.tlog\gameengine.write.1u.tlog
e:\shadererror\gameengine\binobj\gameengine.tlog\link.command.1.tlog
e:\shadererror\gameengine\binobj\gameengine.tlog\link.delete.1.tlog
e:\shadererror\gameengine\binobj\gameengine.tlog\link.read.1.tlog
e:\shadererror\gameengine\binobj\gameengine.tlog\link.write.1.tlog
