e:\200425_ver\client\binobj\vc141.pdb
e:\200425_ver\client\binobj\vc141.idb
e:\200425_ver\client\binobj\testobject.obj
e:\200425_ver\client\binobj\testbutton.obj
e:\200425_ver\client\binobj\testbar.obj
e:\200425_ver\client\binobj\startmap.obj
e:\200425_ver\client\binobj\startbutton.obj
e:\200425_ver\client\binobj\stage1map.obj
e:\200425_ver\client\binobj\playerlife.obj
e:\200425_ver\client\binobj\playerhpbar.obj
e:\200425_ver\client\binobj\player.obj
e:\200425_ver\client\binobj\phonecallui.obj
e:\200425_ver\client\binobj\monster.obj
e:\200425_ver\client\binobj\minion.obj
e:\200425_ver\client\binobj\mapobstacle.obj
e:\200425_ver\client\binobj\mainmap.obj
e:\200425_ver\client\binobj\childobj.obj
e:\200425_ver\client\binobj\bullet.obj
e:\200425_ver\client\binobj\bgmobj.obj
e:\200425_ver\client\binobj\main.obj
e:\200425_ver\client\binobj\startgamemode.obj
e:\200425_ver\client\binobj\stage1mode.obj
e:\200425_ver\client\binobj\waddledee.obj
e:\200425_ver\client\binobj\title.obj
e:\200425_ver\client\binobj\testpixelcollision.obj
e:\200425_ver\client\binobj\effect.obj
e:\200425_ver\client\binobj\magicmirror.obj
e:\200425_ver\client\binobj\bossstage.obj
e:\200425_ver\client\binobj\leap.obj
e:\200425_ver\client\binobj\stage2map.obj
e:\200425_ver\client\binobj\stage2mode.obj
e:\200425_ver\client\binobj\effectsoundobj.obj
e:\200425_ver\client\binobj\stage3map.obj
e:\200425_ver\client\binobj\stage3mode.obj
e:\200425_ver\client\binobj\menumode.obj
e:\200425_ver\client\bin\client.ipdb
e:\200425_ver\client\bin\client.iobj
e:\200425_ver\client\bin\client_debug.exe
e:\200425_ver\client\bin\client_debug.ilk
e:\200425_ver\client\bin\client_debug.pdb
e:\200425_ver\client\binobj\client.res
e:\200425_ver\client\binobj\../bin/client.pdb
e:\200425_ver\client\include\../bin/client.exe
e:\200425_ver\client\binobj\client.tlog\cl.command.1.tlog
e:\200425_ver\client\binobj\client.tlog\cl.read.1.tlog
e:\200425_ver\client\binobj\client.tlog\cl.write.1.tlog
e:\200425_ver\client\binobj\client.tlog\client.write.1u.tlog
e:\200425_ver\client\binobj\client.tlog\link.command.1.tlog
e:\200425_ver\client\binobj\client.tlog\link.read.1.tlog
e:\200425_ver\client\binobj\client.tlog\link.write.1.tlog
e:\200425_ver\client\binobj\client.tlog\rc.command.1.tlog
e:\200425_ver\client\binobj\client.tlog\rc.read.1.tlog
e:\200425_ver\client\binobj\client.tlog\rc.write.1.tlog
