  MainGameMode.cpp
e:\directx11_2d\engine\include\matrix.h(7): warning C4251: '_tagMatrix::m': struct 'DirectX::XMMATRIX'에서는 union '_tagMatrix'의 클라이언트에서 DLL 인터페이스를 사용하도록 지정해야 합니다.
  c:\program files (x86)\windows kits\10\include\10.0.18362.0\um\directxmath.h(432): note: 'DirectX::XMMATRIX' 선언을 참조하십시오.
e:\directx11_2d\engine\include\ref.h(13): warning C4251: 'CRef::m_strName': class 'std::basic_string<char,std::char_traits<char>,std::allocator<char>>'에서는 class 'CRef'의 클라이언트에서 DLL 인터페이스를 사용하도록 지정해야 합니다.
  c:\program files (x86)\microsoft visual studio\2017\community\vc\tools\msvc\14.16.27023\include\xstring(4373): note: 'std::basic_string<char,std::char_traits<char>,std::allocator<char>>' 선언을 참조하십시오.
e:\directx11_2d\engine\include\component\scenecomponent.h(15): warning C4251: 'CSceneComponent::m_vecChild': class 'std::vector<CSceneComponent *,std::allocator<_Ty>>'에서는 class 'CSceneComponent'의 클라이언트에서 DLL 인터페이스를 사용하도록 지정해야 합니다.
          with
          [
              _Ty=CSceneComponent *
          ]
  e:\directx11_2d\engine\include\component\scenecomponent.h(15): note: 'std::vector<CSceneComponent *,std::allocator<_Ty>>' 선언을 참조하십시오.
          with
          [
              _Ty=CSceneComponent *
          ]
e:\directx11_2d\engine\include\object\gameobject.h(19): warning C4251: 'CGameObject::m_vecObjComponent': class 'std::vector<CObjectComponent *,std::allocator<_Ty>>'에서는 class 'CGameObject'의 클라이언트에서 DLL 인터페이스를 사용하도록 지정해야 합니다.
          with
          [
              _Ty=CObjectComponent *
          ]
  e:\directx11_2d\engine\include\object\gameobject.h(19): note: 'std::vector<CObjectComponent *,std::allocator<_Ty>>' 선언을 참조하십시오.
          with
          [
              _Ty=CObjectComponent *
          ]
e:\directx11_2d\engine\include\object\gameobject.h(20): warning C4251: 'CGameObject::m_vecChild': class 'std::vector<CGameObject *,std::allocator<_Ty>>'에서는 class 'CGameObject'의 클라이언트에서 DLL 인터페이스를 사용하도록 지정해야 합니다.
          with
          [
              _Ty=CGameObject *
          ]
  e:\directx11_2d\engine\include\object\gameobject.h(20): note: 'std::vector<CGameObject *,std::allocator<_Ty>>' 선언을 참조하십시오.
          with
          [
              _Ty=CGameObject *
          ]
e:\directx11_2d\engine\include\object\gameobject.h(22): warning C4251: 'CGameObject::m_BeginList': class 'std::list<CComponent *,std::allocator<_Ty>>'에서는 class 'CGameObject'의 클라이언트에서 DLL 인터페이스를 사용하도록 지정해야 합니다.
          with
          [
              _Ty=CComponent *
          ]
  e:\directx11_2d\engine\include\object\gameobject.h(22): note: 'std::list<CComponent *,std::allocator<_Ty>>' 선언을 참조하십시오.
          with
          [
              _Ty=CComponent *
          ]
e:\directx11_2d\engine\include\scene\scene.h(26): warning C4251: 'CScene::m_ObjList': class 'std::list<CGameObject *,std::allocator<_Ty>>'에서는 class 'CScene'의 클라이언트에서 DLL 인터페이스를 사용하도록 지정해야 합니다.
          with
          [
              _Ty=CGameObject *
          ]
  e:\directx11_2d\engine\include\scene\scene.h(26): note: 'std::list<CGameObject *,std::allocator<_Ty>>' 선언을 참조하십시오.
          with
          [
              _Ty=CGameObject *
          ]
e:\directx11_2d\engine\include\scene\scene.h(27): warning C4251: 'CScene::m_BeginList': class 'std::list<CGameObject *,std::allocator<_Ty>>'에서는 class 'CScene'의 클라이언트에서 DLL 인터페이스를 사용하도록 지정해야 합니다.
          with
          [
              _Ty=CGameObject *
          ]
  e:\directx11_2d\engine\include\scene\scene.h(26): note: 'std::list<CGameObject *,std::allocator<_Ty>>' 선언을 참조하십시오.
          with
          [
              _Ty=CGameObject *
          ]
e:\directx11_2d\engine\include\resource\resourcemanager.h(8): warning C4251: 'CResourceManager::m_mapMesh': class 'std::unordered_map<size_t,CMesh *,std::hash<_Kty>,std::equal_to<_Kty>,std::allocator<std::pair<const _Kty,_Ty>>>'에서는 class 'CResourceManager'의 클라이언트에서 DLL 인터페이스를 사용하도록 지정해야 합니다.
          with
          [
              _Kty=size_t,
              _Ty=CMesh *
          ]
  e:\directx11_2d\engine\include\resource\resourcemanager.h(8): note: 'std::unordered_map<size_t,CMesh *,std::hash<_Kty>,std::equal_to<_Kty>,std::allocator<std::pair<const _Kty,_Ty>>>' 선언을 참조하십시오.
          with
          [
              _Kty=size_t,
              _Ty=CMesh *
          ]
e:\directx11_2d\engine\include\resource\resourcemanager.h(9): warning C4251: 'CResourceManager::m_mapTexture': class 'std::unordered_map<size_t,CTexture *,std::hash<_Kty>,std::equal_to<_Kty>,std::allocator<std::pair<const _Kty,_Ty>>>'에서는 class 'CResourceManager'의 클라이언트에서 DLL 인터페이스를 사용하도록 지정해야 합니다.
          with
          [
              _Kty=size_t,
              _Ty=CTexture *
          ]
  e:\directx11_2d\engine\include\resource\resourcemanager.h(9): note: 'std::unordered_map<size_t,CTexture *,std::hash<_Kty>,std::equal_to<_Kty>,std::allocator<std::pair<const _Kty,_Ty>>>' 선언을 참조하십시오.
          with
          [
              _Kty=size_t,
              _Ty=CTexture *
          ]
e:\directx11_2d\engine\include\resource\resourcemanager.h(10): warning C4251: 'CResourceManager::m_mapMaterial': class 'std::unordered_map<size_t,CMaterial *,std::hash<_Kty>,std::equal_to<_Kty>,std::allocator<std::pair<const _Kty,_Ty>>>'에서는 class 'CResourceManager'의 클라이언트에서 DLL 인터페이스를 사용하도록 지정해야 합니다.
          with
          [
              _Kty=size_t,
              _Ty=CMaterial *
          ]
  e:\directx11_2d\engine\include\resource\resourcemanager.h(10): note: 'std::unordered_map<size_t,CMaterial *,std::hash<_Kty>,std::equal_to<_Kty>,std::allocator<std::pair<const _Kty,_Ty>>>' 선언을 참조하십시오.
          with
          [
              _Kty=size_t,
              _Ty=CMaterial *
          ]
e:\directx11_2d\engine\include\resource\resourcemanager.h(11): warning C4251: 'CResourceManager::m_mapSampler': class 'std::unordered_map<size_t,ID3D11SamplerState *,std::hash<_Kty>,std::equal_to<_Kty>,std::allocator<std::pair<const _Kty,_Ty>>>'에서는 class 'CResourceManager'의 클라이언트에서 DLL 인터페이스를 사용하도록 지정해야 합니다.
          with
          [
              _Kty=size_t,
              _Ty=ID3D11SamplerState *
          ]
  e:\directx11_2d\engine\include\resource\resourcemanager.h(11): note: 'std::unordered_map<size_t,ID3D11SamplerState *,std::hash<_Kty>,std::equal_to<_Kty>,std::allocator<std::pair<const _Kty,_Ty>>>' 선언을 참조하십시오.
          with
          [
              _Kty=size_t,
              _Ty=ID3D11SamplerState *
          ]
e:\directx11_2d\engine\include\resource\resourcemanager.h(12): warning C4251: 'CResourceManager::m_mapRenderState': class 'std::unordered_map<size_t,CRenderState *,std::hash<_Kty>,std::equal_to<_Kty>,std::allocator<std::pair<const _Kty,_Ty>>>'에서는 class 'CResourceManager'의 클라이언트에서 DLL 인터페이스를 사용하도록 지정해야 합니다.
          with
          [
              _Kty=size_t,
              _Ty=CRenderState *
          ]
  e:\directx11_2d\engine\include\resource\resourcemanager.h(12): note: 'std::unordered_map<size_t,CRenderState *,std::hash<_Kty>,std::equal_to<_Kty>,std::allocator<std::pair<const _Kty,_Ty>>>' 선언을 참조하십시오.
          with
          [
              _Kty=size_t,
              _Ty=CRenderState *
          ]
e:\directx11_2d\engine\include\resource\resourcemanager.h(13): warning C4251: 'CResourceManager::m_mapAnim2DSequence': class 'std::unordered_map<size_t,CAnimation2DSequence *,std::hash<_Kty>,std::equal_to<_Kty>,std::allocator<std::pair<const _Kty,_Ty>>>'에서는 class 'CResourceManager'의 클라이언트에서 DLL 인터페이스를 사용하도록 지정해야 합니다.
          with
          [
              _Kty=size_t,
              _Ty=CAnimation2DSequence *
          ]
  e:\directx11_2d\engine\include\resource\resourcemanager.h(13): note: 'std::unordered_map<size_t,CAnimation2DSequence *,std::hash<_Kty>,std::equal_to<_Kty>,std::allocator<std::pair<const _Kty,_Ty>>>' 선언을 참조하십시오.
          with
          [
              _Kty=size_t,
              _Ty=CAnimation2DSequence *
          ]
e:\directx11_2d\engine\include\resource\resourcemanager.h(14): warning C4251: 'CResourceManager::m_mapSound': class 'std::unordered_map<size_t,CSound *,std::hash<_Kty>,std::equal_to<_Kty>,std::allocator<std::pair<const _Kty,_Ty>>>'에서는 class 'CResourceManager'의 클라이언트에서 DLL 인터페이스를 사용하도록 지정해야 합니다.
          with
          [
              _Kty=size_t,
              _Ty=CSound *
          ]
  e:\directx11_2d\engine\include\resource\resourcemanager.h(14): note: 'std::unordered_map<size_t,CSound *,std::hash<_Kty>,std::equal_to<_Kty>,std::allocator<std::pair<const _Kty,_Ty>>>' 선언을 참조하십시오.
          with
          [
              _Kty=size_t,
              _Ty=CSound *
          ]
e:\directx11_2d\engine\include\resource\resourcemanager.h(15): warning C4251: 'CResourceManager::m_mapChannelGroup': class 'std::unordered_map<size_t,FMOD::ChannelGroup *,std::hash<_Kty>,std::equal_to<_Kty>,std::allocator<std::pair<const _Kty,_Ty>>>'에서는 class 'CResourceManager'의 클라이언트에서 DLL 인터페이스를 사용하도록 지정해야 합니다.
          with
          [
              _Kty=size_t,
              _Ty=FMOD::ChannelGroup *
          ]
  e:\directx11_2d\engine\include\resource\resourcemanager.h(15): note: 'std::unordered_map<size_t,FMOD::ChannelGroup *,std::hash<_Kty>,std::equal_to<_Kty>,std::allocator<std::pair<const _Kty,_Ty>>>' 선언을 참조하십시오.
          with
          [
              _Kty=size_t,
              _Ty=FMOD::ChannelGroup *
          ]
e:\directx11_2d\engine\include\resource\resourcemanager.h(17): warning C4251: 'CResourceManager::m_DefaultMeshList': class 'std::list<std::string,std::allocator<_Ty>>'에서는 class 'CResourceManager'의 클라이언트에서 DLL 인터페이스를 사용하도록 지정해야 합니다.
          with
          [
              _Ty=std::string
          ]
  e:\directx11_2d\engine\include\resource\resourcemanager.h(17): note: 'std::list<std::string,std::allocator<_Ty>>' 선언을 참조하십시오.
          with
          [
              _Ty=std::string
          ]
e:\directx11_2d\engine\include\resource\resourcemanager.h(18): warning C4251: 'CResourceManager::m_DefaultTextureList': class 'std::list<std::string,std::allocator<_Ty>>'에서는 class 'CResourceManager'의 클라이언트에서 DLL 인터페이스를 사용하도록 지정해야 합니다.
          with
          [
              _Ty=std::string
          ]
  e:\directx11_2d\engine\include\resource\resourcemanager.h(17): note: 'std::list<std::string,std::allocator<_Ty>>' 선언을 참조하십시오.
          with
          [
              _Ty=std::string
          ]
e:\directx11_2d\engine\include\resource\resourcemanager.h(19): warning C4251: 'CResourceManager::m_DefaultRenderStateList': class 'std::list<std::string,std::allocator<_Ty>>'에서는 class 'CResourceManager'의 클라이언트에서 DLL 인터페이스를 사용하도록 지정해야 합니다.
          with
          [
              _Ty=std::string
          ]
  e:\directx11_2d\engine\include\resource\resourcemanager.h(17): note: 'std::list<std::string,std::allocator<_Ty>>' 선언을 참조하십시오.
          with
          [
              _Ty=std::string
          ]
e:\directx11_2d\engine\include\resource\resourcemanager.h(20): warning C4251: 'CResourceManager::m_DefaultMaterialList': class 'std::list<std::string,std::allocator<_Ty>>'에서는 class 'CResourceManager'의 클라이언트에서 DLL 인터페이스를 사용하도록 지정해야 합니다.
          with
          [
              _Ty=std::string
          ]
  e:\directx11_2d\engine\include\resource\resourcemanager.h(17): note: 'std::list<std::string,std::allocator<_Ty>>' 선언을 참조하십시오.
          with
          [
              _Ty=std::string
          ]
e:\directx11_2d\engine\include\resource\resourcemanager.h(21): warning C4251: 'CResourceManager::m_MaterialIter': class 'std::_List_iterator<std::_List_val<std::_List_simple_types<_Ty>>>'에서는 class 'CResourceManager'의 클라이언트에서 DLL 인터페이스를 사용하도록 지정해야 합니다.
          with
          [
              _Ty=std::pair<const size_t,CMaterial *>
          ]
  c:\program files (x86)\microsoft visual studio\2017\community\vc\tools\msvc\14.16.27023\include\list(457): note: 'std::_List_iterator<std::_List_val<std::_List_simple_types<_Ty>>>' 선언을 참조하십시오.
          with
          [
              _Ty=std::pair<const size_t,CMaterial *>
          ]
e:\directx11_2d\engine\include\resource\material.h(44): warning C4251: 'CMaterial::m_vecContainer': class 'std::vector<PMaterialContainer,std::allocator<_Ty>>'에서는 class 'CMaterial'의 클라이언트에서 DLL 인터페이스를 사용하도록 지정해야 합니다.
          with
          [
              _Ty=PMaterialContainer
          ]
  e:\directx11_2d\engine\include\resource\material.h(44): note: 'std::vector<PMaterialContainer,std::allocator<_Ty>>' 선언을 참조하십시오.
          with
          [
              _Ty=PMaterialContainer
          ]
e:\directx11_2d\engine\include\resource\material.h(48): warning C4251: 'CMaterial::m_mapCBuffer': class 'std::unordered_map<size_t,PCBufferNode,std::hash<_Kty>,std::equal_to<_Kty>,std::allocator<std::pair<const _Kty,_Ty>>>'에서는 class 'CMaterial'의 클라이언트에서 DLL 인터페이스를 사용하도록 지정해야 합니다.
          with
          [
              _Kty=size_t,
              _Ty=PCBufferNode
          ]
  e:\directx11_2d\engine\include\resource\material.h(48): note: 'std::unordered_map<size_t,PCBufferNode,std::hash<_Kty>,std::equal_to<_Kty>,std::allocator<std::pair<const _Kty,_Ty>>>' 선언을 참조하십시오.
          with
          [
              _Kty=size_t,
              _Ty=PCBufferNode
          ]
e:\directx11_2d\engine\include\resource\animation2dsequence.h(41): warning C4251: 'CAnimation2DSequence::m_vecTexture': class 'std::vector<CTexture *,std::allocator<_Ty>>'에서는 class 'CAnimation2DSequence'의 클라이언트에서 DLL 인터페이스를 사용하도록 지정해야 합니다.
          with
          [
              _Ty=CTexture *
          ]
  e:\directx11_2d\engine\include\resource\animation2dsequence.h(41): note: 'std::vector<CTexture *,std::allocator<_Ty>>' 선언을 참조하십시오.
          with
          [
              _Ty=CTexture *
          ]
e:\directx11_2d\engine\include\resource\animation2dsequence.h(51): warning C4251: 'CAnimation2DSequence::m_NotifyList': class 'std::list<PAnim2DNotify,std::allocator<_Ty>>'에서는 class 'CAnimation2DSequence'의 클라이언트에서 DLL 인터페이스를 사용하도록 지정해야 합니다.
          with
          [
              _Ty=PAnim2DNotify
          ]
  e:\directx11_2d\engine\include\resource\animation2dsequence.h(51): note: 'std::list<PAnim2DNotify,std::allocator<_Ty>>' 선언을 참조하십시오.
          with
          [
              _Ty=PAnim2DNotify
          ]
e:\directx11_2d\engine\include\resource\animation2dsequence.h(52): warning C4251: 'CAnimation2DSequence::m_vecFrameInfo': class 'std::vector<Animation2DFrameInfo,std::allocator<_Ty>>'에서는 class 'CAnimation2DSequence'의 클라이언트에서 DLL 인터페이스를 사용하도록 지정해야 합니다.
          with
          [
              _Ty=Animation2DFrameInfo
          ]
  e:\directx11_2d\engine\include\resource\animation2dsequence.h(52): note: 'std::vector<Animation2DFrameInfo,std::allocator<_Ty>>' 선언을 참조하십시오.
          with
          [
              _Ty=Animation2DFrameInfo
          ]
e:\directx11_2d\engine\include\resource\animation2dsequence.h(55): warning C4251: 'CAnimation2DSequence::m_strReturnSequence': class 'std::basic_string<char,std::char_traits<char>,std::allocator<char>>'에서는 class 'CAnimation2DSequence'의 클라이언트에서 DLL 인터페이스를 사용하도록 지정해야 합니다.
  c:\program files (x86)\microsoft visual studio\2017\community\vc\tools\msvc\14.16.27023\include\xstring(4373): note: 'std::basic_string<char,std::char_traits<char>,std::allocator<char>>' 선언을 참조하십시오.
e:\directx11_2d\engine\include\collisionmanager.h(18): warning C4251: 'CCollisionManager::m_ChannelList': class 'std::list<PCollisionChannel,std::allocator<_Ty>>'에서는 class 'CCollisionManager'의 클라이언트에서 DLL 인터페이스를 사용하도록 지정해야 합니다.
          with
          [
              _Ty=PCollisionChannel
          ]
  e:\directx11_2d\engine\include\collisionmanager.h(18): note: 'std::list<PCollisionChannel,std::allocator<_Ty>>' 선언을 참조하십시오.
          with
          [
              _Ty=PCollisionChannel
          ]
e:\directx11_2d\engine\include\collisionmanager.h(19): warning C4251: 'CCollisionManager::m_mapProfile': class 'std::unordered_map<size_t,PCollisionProfile,std::hash<_Kty>,std::equal_to<_Kty>,std::allocator<std::pair<const _Kty,_Ty>>>'에서는 class 'CCollisionManager'의 클라이언트에서 DLL 인터페이스를 사용하도록 지정해야 합니다.
          with
          [
              _Kty=size_t,
              _Ty=PCollisionProfile
          ]
  e:\directx11_2d\engine\include\collisionmanager.h(19): note: 'std::unordered_map<size_t,PCollisionProfile,std::hash<_Kty>,std::equal_to<_Kty>,std::allocator<std::pair<const _Kty,_Ty>>>' 선언을 참조하십시오.
          with
          [
              _Kty=size_t,
              _Ty=PCollisionProfile
          ]
e:\directx11_2d\engine\include\collisionmanager.h(20): warning C4251: 'CCollisionManager::m_ColliderList': class 'std::list<CColliderBase *,std::allocator<_Ty>>'에서는 class 'CCollisionManager'의 클라이언트에서 DLL 인터페이스를 사용하도록 지정해야 합니다.
          with
          [
              _Ty=CColliderBase *
          ]
  e:\directx11_2d\engine\include\collisionmanager.h(20): note: 'std::list<CColliderBase *,std::allocator<_Ty>>' 선언을 참조하십시오.
          with
          [
              _Ty=CColliderBase *
          ]
e:\directx11_2d\engine\include\input.h(120): warning C4251: 'CInput::m_tKeyInfo': struct '_tagKeyInfo'에서는 class 'CInput'의 클라이언트에서 DLL 인터페이스를 사용하도록 지정해야 합니다.
  e:\directx11_2d\engine\include\input.h(28): note: '_tagKeyInfo' 선언을 참조하십시오.
e:\directx11_2d\engine\include\input.h(122): warning C4251: 'CInput::m_mapAxis': class 'std::unordered_map<size_t,PKeyAxis,std::hash<_Kty>,std::equal_to<_Kty>,std::allocator<std::pair<const _Kty,_Ty>>>'에서는 class 'CInput'의 클라이언트에서 DLL 인터페이스를 사용하도록 지정해야 합니다.
          with
          [
              _Kty=size_t,
              _Ty=PKeyAxis
          ]
  e:\directx11_2d\engine\include\input.h(122): note: 'std::unordered_map<size_t,PKeyAxis,std::hash<_Kty>,std::equal_to<_Kty>,std::allocator<std::pair<const _Kty,_Ty>>>' 선언을 참조하십시오.
          with
          [
              _Kty=size_t,
              _Ty=PKeyAxis
          ]
e:\directx11_2d\engine\include\input.h(123): warning C4251: 'CInput::m_mapAction': class 'std::unordered_map<size_t,PKeyAction,std::hash<_Kty>,std::equal_to<_Kty>,std::allocator<std::pair<const _Kty,_Ty>>>'에서는 class 'CInput'의 클라이언트에서 DLL 인터페이스를 사용하도록 지정해야 합니다.
          with
          [
              _Kty=size_t,
              _Ty=PKeyAction
          ]
  e:\directx11_2d\engine\include\input.h(123): note: 'std::unordered_map<size_t,PKeyAction,std::hash<_Kty>,std::equal_to<_Kty>,std::allocator<std::pair<const _Kty,_Ty>>>' 선언을 참조하십시오.
          with
          [
              _Kty=size_t,
              _Ty=PKeyAction
          ]
e:\directx11_2d\engine\include\input.h(124): warning C4251: 'CInput::m_UseKeyList': class 'std::list<unsigned char,std::allocator<_Ty>>'에서는 class 'CInput'의 클라이언트에서 DLL 인터페이스를 사용하도록 지정해야 합니다.
          with
          [
              _Ty=unsigned char
          ]
  e:\directx11_2d\engine\include\input.h(124): note: 'std::list<unsigned char,std::allocator<_Ty>>' 선언을 참조하십시오.
          with
          [
              _Ty=unsigned char
          ]
e:\directx11_2d\engine\include\input.h(137): warning C4251: 'CInput::m_tMouseInfo': struct '_tagKeyInfo'에서는 class 'CInput'의 클라이언트에서 DLL 인터페이스를 사용하도록 지정해야 합니다.
  e:\directx11_2d\engine\include\input.h(28): note: '_tagKeyInfo' 선언을 참조하십시오.
e:\directx11_2d\engine\include\scene\scene.h(60): error C2664: 'void CMonster::SetName(const char *)': 인수 1을(를) 'const std::string'에서 'const char *'(으)로 변환할 수 없습니다.
  e:\directx11_2d\engine\include\scene\scene.h(60): note: 이 변환을 수행할 수 있는 사용 가능한 사용자 정의 변환 연산자가 없거나 연산자를 호출할 수 없습니다.
  e:\directx11_2d\engine\include\scene\scene.h(46): note: 컴파일 중인 함수 템플릿 인스턴스화 'T *CScene::SpawnObject<CWaddleDee>(const std::string &,const Vector3 &,const Vector3 &,const Vector3 &)'에 대한 참조를 확인하십시오.
          with
          [
              T=CWaddleDee
          ]
  e:\directx11_2d\client\include\gamemode\maingamemode.cpp(85): note: 컴파일 중인 함수 템플릿 인스턴스화 'T *CScene::SpawnObject<CWaddleDee>(const Vector3 &,const Vector3 &,const Vector3 &)'에 대한 참조를 확인하십시오.
          with
          [
              T=CWaddleDee
          ]
  Monster.cpp
e:\directx11_2d\engine\include\matrix.h(7): warning C4251: '_tagMatrix::m': struct 'DirectX::XMMATRIX'에서는 union '_tagMatrix'의 클라이언트에서 DLL 인터페이스를 사용하도록 지정해야 합니다.
  c:\program files (x86)\windows kits\10\include\10.0.18362.0\um\directxmath.h(432): note: 'DirectX::XMMATRIX' 선언을 참조하십시오.
e:\directx11_2d\engine\include\ref.h(13): warning C4251: 'CRef::m_strName': class 'std::basic_string<char,std::char_traits<char>,std::allocator<char>>'에서는 class 'CRef'의 클라이언트에서 DLL 인터페이스를 사용하도록 지정해야 합니다.
  c:\program files (x86)\microsoft visual studio\2017\community\vc\tools\msvc\14.16.27023\include\xstring(4373): note: 'std::basic_string<char,std::char_traits<char>,std::allocator<char>>' 선언을 참조하십시오.
e:\directx11_2d\engine\include\component\scenecomponent.h(15): warning C4251: 'CSceneComponent::m_vecChild': class 'std::vector<CSceneComponent *,std::allocator<_Ty>>'에서는 class 'CSceneComponent'의 클라이언트에서 DLL 인터페이스를 사용하도록 지정해야 합니다.
          with
          [
              _Ty=CSceneComponent *
          ]
  e:\directx11_2d\engine\include\component\scenecomponent.h(15): note: 'std::vector<CSceneComponent *,std::allocator<_Ty>>' 선언을 참조하십시오.
          with
          [
              _Ty=CSceneComponent *
          ]
e:\directx11_2d\engine\include\object\gameobject.h(19): warning C4251: 'CGameObject::m_vecObjComponent': class 'std::vector<CObjectComponent *,std::allocator<_Ty>>'에서는 class 'CGameObject'의 클라이언트에서 DLL 인터페이스를 사용하도록 지정해야 합니다.
          with
          [
              _Ty=CObjectComponent *
          ]
  e:\directx11_2d\engine\include\object\gameobject.h(19): note: 'std::vector<CObjectComponent *,std::allocator<_Ty>>' 선언을 참조하십시오.
          with
          [
              _Ty=CObjectComponent *
          ]
e:\directx11_2d\engine\include\object\gameobject.h(20): warning C4251: 'CGameObject::m_vecChild': class 'std::vector<CGameObject *,std::allocator<_Ty>>'에서는 class 'CGameObject'의 클라이언트에서 DLL 인터페이스를 사용하도록 지정해야 합니다.
          with
          [
              _Ty=CGameObject *
          ]
  e:\directx11_2d\engine\include\object\gameobject.h(20): note: 'std::vector<CGameObject *,std::allocator<_Ty>>' 선언을 참조하십시오.
          with
          [
              _Ty=CGameObject *
          ]
e:\directx11_2d\engine\include\object\gameobject.h(22): warning C4251: 'CGameObject::m_BeginList': class 'std::list<CComponent *,std::allocator<_Ty>>'에서는 class 'CGameObject'의 클라이언트에서 DLL 인터페이스를 사용하도록 지정해야 합니다.
          with
          [
              _Ty=CComponent *
          ]
  e:\directx11_2d\engine\include\object\gameobject.h(22): note: 'std::list<CComponent *,std::allocator<_Ty>>' 선언을 참조하십시오.
          with
          [
              _Ty=CComponent *
          ]
e:\directx11_2d\engine\include\component\transform.h(16): warning C4251: 'CTransform::m_vecChild': class 'std::vector<CTransform *,std::allocator<_Ty>>'에서는 class 'CTransform'의 클라이언트에서 DLL 인터페이스를 사용하도록 지정해야 합니다.
          with
          [
              _Ty=CTransform *
          ]
  e:\directx11_2d\engine\include\component\transform.h(16): note: 'std::vector<CTransform *,std::allocator<_Ty>>' 선언을 참조하십시오.
          with
          [
              _Ty=CTransform *
          ]
e:\directx11_2d\engine\include\component\movementcomponent.h(21): warning C4251: 'CMovementComponent::m_PathList': class 'std::list<Vector3,std::allocator<_Ty>>'에서는 class 'CMovementComponent'의 클라이언트에서 DLL 인터페이스를 사용하도록 지정해야 합니다.
          with
          [
              _Ty=Vector3
          ]
  e:\directx11_2d\engine\include\component\movementcomponent.h(21): note: 'std::list<Vector3,std::allocator<_Ty>>' 선언을 참조하십시오.
          with
          [
              _Ty=Vector3
          ]
e:\directx11_2d\engine\include\scene\scene.h(26): warning C4251: 'CScene::m_ObjList': class 'std::list<CGameObject *,std::allocator<_Ty>>'에서는 class 'CScene'의 클라이언트에서 DLL 인터페이스를 사용하도록 지정해야 합니다.
          with
          [
              _Ty=CGameObject *
          ]
  e:\directx11_2d\engine\include\scene\scene.h(26): note: 'std::list<CGameObject *,std::allocator<_Ty>>' 선언을 참조하십시오.
          with
          [
              _Ty=CGameObject *
          ]
e:\directx11_2d\engine\include\scene\scene.h(27): warning C4251: 'CScene::m_BeginList': class 'std::list<CGameObject *,std::allocator<_Ty>>'에서는 class 'CScene'의 클라이언트에서 DLL 인터페이스를 사용하도록 지정해야 합니다.
          with
          [
              _Ty=CGameObject *
          ]
  e:\directx11_2d\engine\include\scene\scene.h(26): note: 'std::list<CGameObject *,std::allocator<_Ty>>' 선언을 참조하십시오.
          with
          [
              _Ty=CGameObject *
          ]
e:\directx11_2d\engine\include\resource\resourcemanager.h(8): warning C4251: 'CResourceManager::m_mapMesh': class 'std::unordered_map<size_t,CMesh *,std::hash<_Kty>,std::equal_to<_Kty>,std::allocator<std::pair<const _Kty,_Ty>>>'에서는 class 'CResourceManager'의 클라이언트에서 DLL 인터페이스를 사용하도록 지정해야 합니다.
          with
          [
              _Kty=size_t,
              _Ty=CMesh *
          ]
  e:\directx11_2d\engine\include\resource\resourcemanager.h(8): note: 'std::unordered_map<size_t,CMesh *,std::hash<_Kty>,std::equal_to<_Kty>,std::allocator<std::pair<const _Kty,_Ty>>>' 선언을 참조하십시오.
          with
          [
              _Kty=size_t,
              _Ty=CMesh *
          ]
e:\directx11_2d\engine\include\resource\resourcemanager.h(9): warning C4251: 'CResourceManager::m_mapTexture': class 'std::unordered_map<size_t,CTexture *,std::hash<_Kty>,std::equal_to<_Kty>,std::allocator<std::pair<const _Kty,_Ty>>>'에서는 class 'CResourceManager'의 클라이언트에서 DLL 인터페이스를 사용하도록 지정해야 합니다.
          with
          [
              _Kty=size_t,
              _Ty=CTexture *
          ]
  e:\directx11_2d\engine\include\resource\resourcemanager.h(9): note: 'std::unordered_map<size_t,CTexture *,std::hash<_Kty>,std::equal_to<_Kty>,std::allocator<std::pair<const _Kty,_Ty>>>' 선언을 참조하십시오.
          with
          [
              _Kty=size_t,
              _Ty=CTexture *
          ]
e:\directx11_2d\engine\include\resource\resourcemanager.h(10): warning C4251: 'CResourceManager::m_mapMaterial': class 'std::unordered_map<size_t,CMaterial *,std::hash<_Kty>,std::equal_to<_Kty>,std::allocator<std::pair<const _Kty,_Ty>>>'에서는 class 'CResourceManager'의 클라이언트에서 DLL 인터페이스를 사용하도록 지정해야 합니다.
          with
          [
              _Kty=size_t,
              _Ty=CMaterial *
          ]
  e:\directx11_2d\engine\include\resource\resourcemanager.h(10): note: 'std::unordered_map<size_t,CMaterial *,std::hash<_Kty>,std::equal_to<_Kty>,std::allocator<std::pair<const _Kty,_Ty>>>' 선언을 참조하십시오.
          with
          [
              _Kty=size_t,
              _Ty=CMaterial *
          ]
e:\directx11_2d\engine\include\resource\resourcemanager.h(11): warning C4251: 'CResourceManager::m_mapSampler': class 'std::unordered_map<size_t,ID3D11SamplerState *,std::hash<_Kty>,std::equal_to<_Kty>,std::allocator<std::pair<const _Kty,_Ty>>>'에서는 class 'CResourceManager'의 클라이언트에서 DLL 인터페이스를 사용하도록 지정해야 합니다.
          with
          [
              _Kty=size_t,
              _Ty=ID3D11SamplerState *
          ]
  e:\directx11_2d\engine\include\resource\resourcemanager.h(11): note: 'std::unordered_map<size_t,ID3D11SamplerState *,std::hash<_Kty>,std::equal_to<_Kty>,std::allocator<std::pair<const _Kty,_Ty>>>' 선언을 참조하십시오.
          with
          [
              _Kty=size_t,
              _Ty=ID3D11SamplerState *
          ]
e:\directx11_2d\engine\include\resource\resourcemanager.h(12): warning C4251: 'CResourceManager::m_mapRenderState': class 'std::unordered_map<size_t,CRenderState *,std::hash<_Kty>,std::equal_to<_Kty>,std::allocator<std::pair<const _Kty,_Ty>>>'에서는 class 'CResourceManager'의 클라이언트에서 DLL 인터페이스를 사용하도록 지정해야 합니다.
          with
          [
              _Kty=size_t,
              _Ty=CRenderState *
          ]
  e:\directx11_2d\engine\include\resource\resourcemanager.h(12): note: 'std::unordered_map<size_t,CRenderState *,std::hash<_Kty>,std::equal_to<_Kty>,std::allocator<std::pair<const _Kty,_Ty>>>' 선언을 참조하십시오.
          with
          [
              _Kty=size_t,
              _Ty=CRenderState *
          ]
e:\directx11_2d\engine\include\resource\resourcemanager.h(13): warning C4251: 'CResourceManager::m_mapAnim2DSequence': class 'std::unordered_map<size_t,CAnimation2DSequence *,std::hash<_Kty>,std::equal_to<_Kty>,std::allocator<std::pair<const _Kty,_Ty>>>'에서는 class 'CResourceManager'의 클라이언트에서 DLL 인터페이스를 사용하도록 지정해야 합니다.
          with
          [
              _Kty=size_t,
              _Ty=CAnimation2DSequence *
          ]
  e:\directx11_2d\engine\include\resource\resourcemanager.h(13): note: 'std::unordered_map<size_t,CAnimation2DSequence *,std::hash<_Kty>,std::equal_to<_Kty>,std::allocator<std::pair<const _Kty,_Ty>>>' 선언을 참조하십시오.
          with
          [
              _Kty=size_t,
              _Ty=CAnimation2DSequence *
          ]
e:\directx11_2d\engine\include\resource\resourcemanager.h(14): warning C4251: 'CResourceManager::m_mapSound': class 'std::unordered_map<size_t,CSound *,std::hash<_Kty>,std::equal_to<_Kty>,std::allocator<std::pair<const _Kty,_Ty>>>'에서는 class 'CResourceManager'의 클라이언트에서 DLL 인터페이스를 사용하도록 지정해야 합니다.
          with
          [
              _Kty=size_t,
              _Ty=CSound *
          ]
  e:\directx11_2d\engine\include\resource\resourcemanager.h(14): note: 'std::unordered_map<size_t,CSound *,std::hash<_Kty>,std::equal_to<_Kty>,std::allocator<std::pair<const _Kty,_Ty>>>' 선언을 참조하십시오.
          with
          [
              _Kty=size_t,
              _Ty=CSound *
          ]
e:\directx11_2d\engine\include\resource\resourcemanager.h(15): warning C4251: 'CResourceManager::m_mapChannelGroup': class 'std::unordered_map<size_t,FMOD::ChannelGroup *,std::hash<_Kty>,std::equal_to<_Kty>,std::allocator<std::pair<const _Kty,_Ty>>>'에서는 class 'CResourceManager'의 클라이언트에서 DLL 인터페이스를 사용하도록 지정해야 합니다.
          with
          [
              _Kty=size_t,
              _Ty=FMOD::ChannelGroup *
          ]
  e:\directx11_2d\engine\include\resource\resourcemanager.h(15): note: 'std::unordered_map<size_t,FMOD::ChannelGroup *,std::hash<_Kty>,std::equal_to<_Kty>,std::allocator<std::pair<const _Kty,_Ty>>>' 선언을 참조하십시오.
          with
          [
              _Kty=size_t,
              _Ty=FMOD::ChannelGroup *
          ]
e:\directx11_2d\engine\include\resource\resourcemanager.h(17): warning C4251: 'CResourceManager::m_DefaultMeshList': class 'std::list<std::string,std::allocator<_Ty>>'에서는 class 'CResourceManager'의 클라이언트에서 DLL 인터페이스를 사용하도록 지정해야 합니다.
          with
          [
              _Ty=std::string
          ]
  e:\directx11_2d\engine\include\resource\resourcemanager.h(17): note: 'std::list<std::string,std::allocator<_Ty>>' 선언을 참조하십시오.
          with
          [
              _Ty=std::string
          ]
e:\directx11_2d\engine\include\resource\resourcemanager.h(18): warning C4251: 'CResourceManager::m_DefaultTextureList': class 'std::list<std::string,std::allocator<_Ty>>'에서는 class 'CResourceManager'의 클라이언트에서 DLL 인터페이스를 사용하도록 지정해야 합니다.
          with
          [
              _Ty=std::string
          ]
  e:\directx11_2d\engine\include\resource\resourcemanager.h(17): note: 'std::list<std::string,std::allocator<_Ty>>' 선언을 참조하십시오.
          with
          [
              _Ty=std::string
          ]
e:\directx11_2d\engine\include\resource\resourcemanager.h(19): warning C4251: 'CResourceManager::m_DefaultRenderStateList': class 'std::list<std::string,std::allocator<_Ty>>'에서는 class 'CResourceManager'의 클라이언트에서 DLL 인터페이스를 사용하도록 지정해야 합니다.
          with
          [
              _Ty=std::string
          ]
  e:\directx11_2d\engine\include\resource\resourcemanager.h(17): note: 'std::list<std::string,std::allocator<_Ty>>' 선언을 참조하십시오.
          with
          [
              _Ty=std::string
          ]
e:\directx11_2d\engine\include\resource\resourcemanager.h(20): warning C4251: 'CResourceManager::m_DefaultMaterialList': class 'std::list<std::string,std::allocator<_Ty>>'에서는 class 'CResourceManager'의 클라이언트에서 DLL 인터페이스를 사용하도록 지정해야 합니다.
          with
          [
              _Ty=std::string
          ]
  e:\directx11_2d\engine\include\resource\resourcemanager.h(17): note: 'std::list<std::string,std::allocator<_Ty>>' 선언을 참조하십시오.
          with
          [
              _Ty=std::string
          ]
e:\directx11_2d\engine\include\resource\resourcemanager.h(21): warning C4251: 'CResourceManager::m_MaterialIter': class 'std::_List_iterator<std::_List_val<std::_List_simple_types<_Ty>>>'에서는 class 'CResourceManager'의 클라이언트에서 DLL 인터페이스를 사용하도록 지정해야 합니다.
          with
          [
              _Ty=std::pair<const size_t,CMaterial *>
          ]
  c:\program files (x86)\microsoft visual studio\2017\community\vc\tools\msvc\14.16.27023\include\list(457): note: 'std::_List_iterator<std::_List_val<std::_List_simple_types<_Ty>>>' 선언을 참조하십시오.
          with
          [
              _Ty=std::pair<const size_t,CMaterial *>
          ]
e:\directx11_2d\engine\include\resource\mesh.h(22): warning C4251: 'CMesh::m_vecMeshContainer': class 'std::vector<PMeshContainer,std::allocator<_Ty>>'에서는 class 'CMesh'의 클라이언트에서 DLL 인터페이스를 사용하도록 지정해야 합니다.
          with
          [
              _Ty=PMeshContainer
          ]
  e:\directx11_2d\engine\include\resource\mesh.h(22): note: 'std::vector<PMeshContainer,std::allocator<_Ty>>' 선언을 참조하십시오.
          with
          [
              _Ty=PMeshContainer
          ]
e:\directx11_2d\engine\include\resource\shadermanager.h(8): warning C4251: 'CShaderManager::m_mapShader': class 'std::unordered_map<size_t,CShader *,std::hash<_Kty>,std::equal_to<_Kty>,std::allocator<std::pair<const _Kty,_Ty>>>'에서는 class 'CShaderManager'의 클라이언트에서 DLL 인터페이스를 사용하도록 지정해야 합니다.
          with
          [
              _Kty=size_t,
              _Ty=CShader *
          ]
  e:\directx11_2d\engine\include\resource\shadermanager.h(8): note: 'std::unordered_map<size_t,CShader *,std::hash<_Kty>,std::equal_to<_Kty>,std::allocator<std::pair<const _Kty,_Ty>>>' 선언을 참조하십시오.
          with
          [
              _Kty=size_t,
              _Ty=CShader *
          ]
e:\directx11_2d\engine\include\resource\shadermanager.h(9): warning C4251: 'CShaderManager::m_mapInputLayout': class 'std::unordered_map<size_t,ID3D11InputLayout *,std::hash<_Kty>,std::equal_to<_Kty>,std::allocator<std::pair<const _Kty,_Ty>>>'에서는 class 'CShaderManager'의 클라이언트에서 DLL 인터페이스를 사용하도록 지정해야 합니다.
          with
          [
              _Kty=size_t,
              _Ty=ID3D11InputLayout *
          ]
  e:\directx11_2d\engine\include\resource\shadermanager.h(9): note: 'std::unordered_map<size_t,ID3D11InputLayout *,std::hash<_Kty>,std::equal_to<_Kty>,std::allocator<std::pair<const _Kty,_Ty>>>' 선언을 참조하십시오.
          with
          [
              _Kty=size_t,
              _Ty=ID3D11InputLayout *
          ]
e:\directx11_2d\engine\include\resource\shadermanager.h(10): warning C4251: 'CShaderManager::m_mapCBuffer': class 'std::unordered_map<size_t,PCBuffer,std::hash<_Kty>,std::equal_to<_Kty>,std::allocator<std::pair<const _Kty,_Ty>>>'에서는 class 'CShaderManager'의 클라이언트에서 DLL 인터페이스를 사용하도록 지정해야 합니다.
          with
          [
              _Kty=size_t,
              _Ty=PCBuffer
          ]
  e:\directx11_2d\engine\include\resource\shadermanager.h(10): note: 'std::unordered_map<size_t,PCBuffer,std::hash<_Kty>,std::equal_to<_Kty>,std::allocator<std::pair<const _Kty,_Ty>>>' 선언을 참조하십시오.
          with
          [
              _Kty=size_t,
              _Ty=PCBuffer
          ]
e:\directx11_2d\engine\include\resource\shadermanager.h(11): warning C4251: 'CShaderManager::m_vecInputDesc': class 'std::vector<D3D11_INPUT_ELEMENT_DESC,std::allocator<_Ty>>'에서는 class 'CShaderManager'의 클라이언트에서 DLL 인터페이스를 사용하도록 지정해야 합니다.
          with
          [
              _Ty=D3D11_INPUT_ELEMENT_DESC
          ]
  e:\directx11_2d\engine\include\resource\shadermanager.h(11): note: 'std::vector<D3D11_INPUT_ELEMENT_DESC,std::allocator<_Ty>>' 선언을 참조하십시오.
          with
          [
              _Ty=D3D11_INPUT_ELEMENT_DESC
          ]
e:\directx11_2d\engine\include\resource\material.h(44): warning C4251: 'CMaterial::m_vecContainer': class 'std::vector<PMaterialContainer,std::allocator<_Ty>>'에서는 class 'CMaterial'의 클라이언트에서 DLL 인터페이스를 사용하도록 지정해야 합니다.
          with
          [
              _Ty=PMaterialContainer
          ]
  e:\directx11_2d\engine\include\resource\material.h(44): note: 'std::vector<PMaterialContainer,std::allocator<_Ty>>' 선언을 참조하십시오.
          with
          [
              _Ty=PMaterialContainer
          ]
e:\directx11_2d\engine\include\resource\material.h(48): warning C4251: 'CMaterial::m_mapCBuffer': class 'std::unordered_map<size_t,PCBufferNode,std::hash<_Kty>,std::equal_to<_Kty>,std::allocator<std::pair<const _Kty,_Ty>>>'에서는 class 'CMaterial'의 클라이언트에서 DLL 인터페이스를 사용하도록 지정해야 합니다.
          with
          [
              _Kty=size_t,
              _Ty=PCBufferNode
          ]
  e:\directx11_2d\engine\include\resource\material.h(48): note: 'std::unordered_map<size_t,PCBufferNode,std::hash<_Kty>,std::equal_to<_Kty>,std::allocator<std::pair<const _Kty,_Ty>>>' 선언을 참조하십시오.
          with
          [
              _Kty=size_t,
              _Ty=PCBufferNode
          ]
e:\directx11_2d\engine\include\component\colliderbase.h(23): warning C4251: 'CColliderBase::m_vecBlockCallback': class 'std::vector<std::function<void (CColliderBase *,CColliderBase *,float)>,std::allocator<_Ty>>'에서는 class 'CColliderBase'의 클라이언트에서 DLL 인터페이스를 사용하도록 지정해야 합니다.
          with
          [
              _Ty=std::function<void (CColliderBase *,CColliderBase *,float)>
          ]
  e:\directx11_2d\engine\include\component\colliderbase.h(23): note: 'std::vector<std::function<void (CColliderBase *,CColliderBase *,float)>,std::allocator<_Ty>>' 선언을 참조하십시오.
          with
          [
              _Ty=std::function<void (CColliderBase *,CColliderBase *,float)>
          ]
e:\directx11_2d\engine\include\component\colliderbase.h(24): warning C4251: 'CColliderBase::m_vecBeginOverlapCallback': class 'std::vector<std::function<void (CColliderBase *,CColliderBase *,float)>,std::allocator<_Ty>>'에서는 class 'CColliderBase'의 클라이언트에서 DLL 인터페이스를 사용하도록 지정해야 합니다.
          with
          [
              _Ty=std::function<void (CColliderBase *,CColliderBase *,float)>
          ]
  e:\directx11_2d\engine\include\component\colliderbase.h(23): note: 'std::vector<std::function<void (CColliderBase *,CColliderBase *,float)>,std::allocator<_Ty>>' 선언을 참조하십시오.
          with
          [
              _Ty=std::function<void (CColliderBase *,CColliderBase *,float)>
          ]
e:\directx11_2d\engine\include\component\colliderbase.h(25): warning C4251: 'CColliderBase::m_vecEndOverlapCallback': class 'std::vector<std::function<void (CColliderBase *,CColliderBase *,float)>,std::allocator<_Ty>>'에서는 class 'CColliderBase'의 클라이언트에서 DLL 인터페이스를 사용하도록 지정해야 합니다.
          with
          [
              _Ty=std::function<void (CColliderBase *,CColliderBase *,float)>
          ]
  e:\directx11_2d\engine\include\component\colliderbase.h(23): note: 'std::vector<std::function<void (CColliderBase *,CColliderBase *,float)>,std::allocator<_Ty>>' 선언을 참조하십시오.
          with
          [
              _Ty=std::function<void (CColliderBase *,CColliderBase *,float)>
          ]
e:\directx11_2d\engine\include\component\colliderbase.h(28): warning C4251: 'CColliderBase::m_CurrentFrameCollision': class 'std::list<CColliderBase *,std::allocator<_Ty>>'에서는 class 'CColliderBase'의 클라이언트에서 DLL 인터페이스를 사용하도록 지정해야 합니다.
          with
          [
              _Ty=CColliderBase *
          ]
  e:\directx11_2d\engine\include\component\colliderbase.h(28): note: 'std::list<CColliderBase *,std::allocator<_Ty>>' 선언을 참조하십시오.
          with
          [
              _Ty=CColliderBase *
          ]
e:\directx11_2d\engine\include\component\colliderbase.h(29): warning C4251: 'CColliderBase::m_CollisionList': class 'std::list<CColliderBase *,std::allocator<_Ty>>'에서는 class 'CColliderBase'의 클라이언트에서 DLL 인터페이스를 사용하도록 지정해야 합니다.
          with
          [
              _Ty=CColliderBase *
          ]
  e:\directx11_2d\engine\include\component\colliderbase.h(28): note: 'std::list<CColliderBase *,std::allocator<_Ty>>' 선언을 참조하십시오.
          with
          [
              _Ty=CColliderBase *
          ]
e:\directx11_2d\engine\include\component\colliderbase.h(30): warning C4251: 'CColliderBase::m_vecSectionIndex': class 'std::vector<unsigned int,std::allocator<_Ty>>'에서는 class 'CColliderBase'의 클라이언트에서 DLL 인터페이스를 사용하도록 지정해야 합니다.
          with
          [
              _Ty=unsigned int
          ]
  e:\directx11_2d\engine\include\component\colliderbase.h(30): note: 'std::vector<unsigned int,std::allocator<_Ty>>' 선언을 참조하십시오.
          with
          [
              _Ty=unsigned int
          ]
e:\directx11_2d\engine\include\scheduler.h(7): warning C4251: '_tagScheduleInfo::strName': class 'std::basic_string<char,std::char_traits<char>,std::allocator<char>>'에서는 struct '_tagScheduleInfo'의 클라이언트에서 DLL 인터페이스를 사용하도록 지정해야 합니다.
  c:\program files (x86)\microsoft visual studio\2017\community\vc\tools\msvc\14.16.27023\include\xstring(4373): note: 'std::basic_string<char,std::char_traits<char>,std::allocator<char>>' 선언을 참조하십시오.
e:\directx11_2d\engine\include\scheduler.h(11): warning C4251: '_tagScheduleInfo::func': class 'std::function<void (void)>'에서는 struct '_tagScheduleInfo'의 클라이언트에서 DLL 인터페이스를 사용하도록 지정해야 합니다.
  e:\directx11_2d\engine\include\scheduler.h(11): note: 'std::function<void (void)>' 선언을 참조하십시오.
e:\directx11_2d\engine\include\scheduler.h(24): warning C4251: 'CScheduler::m_ScheduleList': class 'std::list<_tagScheduleInfo *,std::allocator<_Ty>>'에서는 class 'CScheduler'의 클라이언트에서 DLL 인터페이스를 사용하도록 지정해야 합니다.
          with
          [
              _Ty=_tagScheduleInfo *
          ]
  e:\directx11_2d\engine\include\scheduler.h(24): note: 'std::list<_tagScheduleInfo *,std::allocator<_Ty>>' 선언을 참조하십시오.
          with
          [
              _Ty=_tagScheduleInfo *
          ]
  코드를 생성하고 있습니다...
