e:\dx_svn\client\binobj\vc141.pdb
e:\dx_svn\client\binobj\vc141.idb
e:\dx_svn\client\binobj\title.obj
e:\dx_svn\client\binobj\testpixelcollision.obj
e:\dx_svn\client\binobj\testobject.obj
e:\dx_svn\client\binobj\testbutton.obj
e:\dx_svn\client\binobj\testbar.obj
e:\dx_svn\client\binobj\startbutton.obj
e:\dx_svn\client\binobj\minion.obj
e:\dx_svn\client\binobj\mainmap.obj
e:\dx_svn\client\binobj\effectsoundobj.obj
e:\dx_svn\client\binobj\childobj.obj
e:\dx_svn\client\binobj\bullet.obj
e:\dx_svn\client\binobj\bgmobj.obj
e:\dx_svn\client\binobj\main.obj
e:\dx_svn\client\binobj\startgamemode.obj
e:\dx_svn\client\binobj\maingamemode.obj
e:\shadererror\client\binobj\vc141.pdb
e:\shadererror\client\binobj\vc141.idb
e:\shadererror\client\binobj\phonecallui.obj
e:\shadererror\client\binobj\title.obj
e:\shadererror\client\binobj\testpixelcollision.obj
e:\shadererror\client\binobj\testobject.obj
e:\shadererror\client\binobj\testbutton.obj
e:\shadererror\client\binobj\testbar.obj
e:\shadererror\client\binobj\startbutton.obj
e:\shadererror\client\binobj\playerhpbar.obj
e:\shadererror\client\binobj\minion.obj
e:\shadererror\client\binobj\mainmap.obj
e:\shadererror\client\binobj\effectsoundobj.obj
e:\shadererror\client\binobj\childobj.obj
e:\shadererror\client\binobj\bullet.obj
e:\shadererror\client\binobj\bgmobj.obj
e:\shadererror\client\binobj\main.obj
e:\shadererror\client\binobj\startgamemode.obj
e:\shadererror\client\binobj\maingamemode.obj
e:\dx_svn\client\bin\client_debug.ilk
e:\dx_svn\client\bin\client_debug.exe
e:\dx_svn\client\bin\client_debug.pdb
e:\shadererror\client\bin\client_debug.exe
e:\shadererror\client\bin\client_debug.ilk
e:\shadererror\client\bin\client_debug.pdb
e:\dx_svn\client\binobj\client.res
e:\shadererror\client\binobj\client.res
e:\shadererror\client\binobj\../bin/client_debug.pdb
e:\shadererror\client\include\../bin/client_debug.exe
e:\shadererror\client\binobj\../bin/client_debug.ilk
e:\shadererror\client\binobj\client.tlog\cl.command.1.tlog
e:\shadererror\client\binobj\client.tlog\cl.read.1.tlog
e:\shadererror\client\binobj\client.tlog\cl.write.1.tlog
e:\shadererror\client\binobj\client.tlog\link.command.1.tlog
e:\shadererror\client\binobj\client.tlog\link.read.1.tlog
e:\shadererror\client\binobj\client.tlog\link.write.1.tlog
e:\shadererror\client\binobj\client.tlog\rc.command.1.tlog
e:\shadererror\client\binobj\client.tlog\rc.read.1.tlog
e:\shadererror\client\binobj\client.tlog\rc.write.1.tlog
